<?xml version="1.0" encoding="UTF-8"?>
<testng-results ignored="0" total="1" passed="1" failed="0" skipped="0">
  <reporter-output>
  </reporter-output>
  <suite started-at="2022-12-20T00:35:14 UTC" name="Command line suite" finished-at="2022-12-20T00:35:14 UTC" duration-ms="84">
    <groups>
    </groups>
    <test started-at="2022-12-20T00:35:14 UTC" name="Command line test" finished-at="2022-12-20T00:35:14 UTC" duration-ms="84">
      <class name="com.bosch.AppTest">
        <test-method signature="testApp()" started-at="2022-12-20T00:35:14 UTC" name="testApp" finished-at="2022-12-20T00:35:14 UTC" duration-ms="21" status="PASS">
          <reporter-output>
          </reporter-output>
        </test-method> <!-- testApp -->
      </class> <!-- com.bosch.AppTest -->
    </test> <!-- Command line test -->
  </suite> <!-- Command line suite -->
</testng-results>
